<?xml version="1.0" encoding="UTF-8"?>
<!-- Generated by org.testng.reporters.JUnitReportReporter -->
<testsuite hostname="DESKTOP-IJK0I6N" failures="0" tests="8" name="flipkartTest.RedmiTest" time="91.444" errors="0" timestamp="2022-06-15T11:43:08 AEST" skipped="0">
  <testcase classname="flipkartTest.RedmiTest" name="openBrowser" time="1.909"/>
  <system-out/>
  <testcase classname="flipkartTest.RedmiTest" name="openUrl" time="37.280"/>
  <system-out/>
  <testcase classname="flipkartTest.RedmiTest" name="closingModel" time="2.233"/>
  <system-out/>
  <testcase classname="flipkartTest.RedmiTest" name="openingOptions" time="4.336"/>
  <system-out/>
  <testcase classname="flipkartTest.RedmiTest" name="priceSlider" time="2.334"/>
  <system-out/>
  <testcase classname="flipkartTest.RedmiTest" name="redmiPage" time="2.406"/>
  <system-out/>
  <testcase classname="flipkartTest.RedmiTest" name="clickOnVideo" time="39.893"/>
  <system-out/>
  <testcase classname="flipkartTest.RedmiTest" name="close" time="1.053"/>
  <system-out/>
</testsuite> <!-- flipkartTest.RedmiTest -->
