<?xml version="1.0" encoding="UTF-8"?>
<!-- Generated by org.testng.reporters.JUnitReportReporter -->
<testsuite hostname="DESKTOP-IJK0I6N" failures="0" tests="5" name="flipkartTest.LoginPageTest" time="53.428" errors="0" timestamp="2022-06-15T11:43:08 AEST" skipped="0">
  <testcase classname="flipkartTest.LoginPageTest" name="openBrowser" time="3.574"/>
  <system-out/>
  <testcase classname="flipkartTest.LoginPageTest" name="openUrl" time="39.115"/>
  <system-out/>
  <testcase classname="flipkartTest.LoginPageTest" name="closingModel" time="2.243"/>
  <system-out/>
  <testcase classname="flipkartTest.LoginPageTest" name="openingOptions" time="4.292"/>
  <system-out/>
  <testcase classname="flipkartTest.LoginPageTest" name="close" time="4.204"/>
  <system-out/>
</testsuite> <!-- flipkartTest.LoginPageTest -->
