<?xml version="1.0" encoding="UTF-8"?>
<!-- Generated by org.testng.reporters.JUnitReportReporter -->
<testsuite hostname="DESKTOP-IJK0I6N" failures="0" tests="7" name="flipkartTest.HomePage" time="113.499" errors="0" timestamp="2022-06-15T10:45:48 AEST" skipped="0">
  <testcase classname="flipkartTest.HomePage" name="openBrowser" time="14.414"/>
  <system-out/>
  <testcase classname="flipkartTest.HomePage" name="openUrl" time="43.760"/>
  <system-out/>
  <testcase classname="flipkartTest.HomePage" name="closingModel" time="2.279"/>
  <system-out/>
  <testcase classname="flipkartTest.HomePage" name="openingOptions" time="4.915"/>
  <system-out/>
  <testcase classname="flipkartTest.HomePage" name="priceSlider" time="4.028"/>
  <system-out/>
  <testcase classname="flipkartTest.HomePage" name="redmiGoPage" time="2.405"/>
  <system-out/>
  <testcase classname="flipkartTest.HomePage" name="clickOnVideo" time="41.698"/>
  <system-out/>
</testsuite> <!-- flipkartTest.HomePage -->
