<?xml version="1.0" encoding="UTF-8"?>
<!-- Generated by org.testng.reporters.JUnitReportReporter -->
<testsuite hostname="DESKTOP-IJK0I6N" failures="0" tests="6" name="flipkartTest.PriceSlider" time="53.195" errors="0" timestamp="2022-06-15T11:43:08 AEST" skipped="0">
  <testcase classname="flipkartTest.PriceSlider" name="openBrowser" time="1.909"/>
  <system-out/>
  <testcase classname="flipkartTest.PriceSlider" name="openUrl" time="38.132"/>
  <system-out/>
  <testcase classname="flipkartTest.PriceSlider" name="closingModel" time="2.253"/>
  <system-out/>
  <testcase classname="flipkartTest.PriceSlider" name="openingOptions" time="4.333"/>
  <system-out/>
  <testcase classname="flipkartTest.PriceSlider" name="priceSlider" time="2.383"/>
  <system-out/>
  <testcase classname="flipkartTest.PriceSlider" name="close" time="4.185"/>
  <system-out/>
</testsuite> <!-- flipkartTest.PriceSlider -->
